  [1m[36m (1.0ms)[0m  [1mCREATE TABLE "schema_migrations" ("version" varchar NOT NULL) [0m
  [1m[35m (0.0ms)[0m  select sqlite_version(*)
  [1m[36m (0.9ms)[0m  [1mCREATE UNIQUE INDEX "unique_schema_migrations" ON "schema_migrations" ("version")[0m
  [1m[35mActiveRecord::SchemaMigration Load (0.1ms)[0m  SELECT "schema_migrations".* FROM "schema_migrations"
Migrating to CreateTeachers (20150610165813)
  [1m[36m (0.0ms)[0m  [1mbegin transaction[0m
  [1m[35m (0.3ms)[0m  CREATE TABLE "teachers" ("id" INTEGER PRIMARY KEY AUTOINCREMENT NOT NULL, "name" varchar, "email" varchar, "password_digest" varchar, "created_at" datetime NOT NULL, "updated_at" datetime NOT NULL) 
  [1m[36mSQL (0.1ms)[0m  [1mINSERT INTO "schema_migrations" ("version") VALUES (?)[0m  [["version", "20150610165813"]]
  [1m[35m (0.8ms)[0m  commit transaction
Migrating to CreateStudents (20150610170048)
  [1m[36m (0.0ms)[0m  [1mbegin transaction[0m
  [1m[35m (0.2ms)[0m  CREATE TABLE "students" ("id" INTEGER PRIMARY KEY AUTOINCREMENT NOT NULL, "name" varchar, "email" varchar, "password_digest" varchar, "teacher_id" varchar, "created_at" datetime NOT NULL, "updated_at" datetime NOT NULL) 
  [1m[36mSQL (0.1ms)[0m  [1mINSERT INTO "schema_migrations" ("version") VALUES (?)[0m  [["version", "20150610170048"]]
  [1m[35m (0.8ms)[0m  commit transaction
Migrating to CreateParents (20150610170234)
  [1m[36m (0.1ms)[0m  [1mbegin transaction[0m
  [1m[35m (0.2ms)[0m  CREATE TABLE "parents" ("id" INTEGER PRIMARY KEY AUTOINCREMENT NOT NULL, "name" varchar, "email" varchar, "password_digest" varchar, "student_id" integer, "created_at" datetime NOT NULL, "updated_at" datetime NOT NULL) 
  [1m[36mSQL (0.1ms)[0m  [1mINSERT INTO "schema_migrations" ("version") VALUES (?)[0m  [["version", "20150610170234"]]
  [1m[35m (0.8ms)[0m  commit transaction
Migrating to CreateGrades (20150610170437)
  [1m[36m (0.0ms)[0m  [1mbegin transaction[0m
  [1m[35m (0.2ms)[0m  CREATE TABLE "grades" ("id" INTEGER PRIMARY KEY AUTOINCREMENT NOT NULL, "assignment_id" integer, "score" integer, "student_id" integer, "created_at" datetime NOT NULL, "updated_at" datetime NOT NULL) 
  [1m[36mSQL (0.1ms)[0m  [1mINSERT INTO "schema_migrations" ("version") VALUES (?)[0m  [["version", "20150610170437"]]
  [1m[35m (0.6ms)[0m  commit transaction
Migrating to CreateAssignments (20150610170517)
  [1m[36m (0.0ms)[0m  [1mbegin transaction[0m
  [1m[35m (0.2ms)[0m  CREATE TABLE "assignments" ("id" INTEGER PRIMARY KEY AUTOINCREMENT NOT NULL, "name" varchar, "due" date, "created_at" datetime NOT NULL, "updated_at" datetime NOT NULL) 
  [1m[36mSQL (0.1ms)[0m  [1mINSERT INTO "schema_migrations" ("version") VALUES (?)[0m  [["version", "20150610170517"]]
  [1m[35m (0.8ms)[0m  commit transaction
  [1m[36mActiveRecord::SchemaMigration Load (0.1ms)[0m  [1mSELECT "schema_migrations".* FROM "schema_migrations"[0m
  [1m[36mActiveRecord::SchemaMigration Load (0.1ms)[0m  [1mSELECT "schema_migrations".* FROM "schema_migrations"[0m
  [1m[35m (0.1ms)[0m  begin transaction
  [1m[36mSQL (0.4ms)[0m  [1mINSERT INTO "teachers" ("name", "email", "password_digest", "created_at", "updated_at") VALUES (?, ?, ?, ?, ?)[0m  [["name", "Test"], ["email", "test@test.com"], ["password_digest", "$2a$10$uObLVZjO5..ziyX4clcbj.F8rc30tG.EYDhytKP.2bCoMww.NATsq"], ["created_at", "2015-06-19 17:32:19.128840"], ["updated_at", "2015-06-19 17:32:19.128840"]]
  [1m[35m (1.3ms)[0m  commit transaction
  [1m[36m (0.1ms)[0m  [1mbegin transaction[0m
  [1m[35mSQL (0.3ms)[0m  INSERT INTO "students" ("name", "email", "password_digest", "teacher_id", "created_at", "updated_at") VALUES (?, ?, ?, ?, ?, ?)  [["name", "Student"], ["email", "student@student.com"], ["password_digest", "$2a$10$WTPCM3yHIyXMttxT2wqXW.deDfC5I/wEyI4Nol7sT9Z25x5/oU3IK"], ["teacher_id", "1"], ["created_at", "2015-06-19 17:32:19.203201"], ["updated_at", "2015-06-19 17:32:19.203201"]]
  [1m[36m (0.8ms)[0m  [1mcommit transaction[0m
  [1m[35m (0.1ms)[0m  begin transaction
  [1m[36mSQL (0.3ms)[0m  [1mINSERT INTO "parents" ("name", "email", "password_digest", "student_id", "created_at", "updated_at") VALUES (?, ?, ?, ?, ?, ?)[0m  [["name", "Parent"], ["email", "parent@parent.com"], ["password_digest", "$2a$10$lfxOGrNvRtcHq0LvwsM6feL14ZbMgsr9t5FfYMa2e/CIu0Osy44NG"], ["student_id", 1], ["created_at", "2015-06-19 17:32:19.270091"], ["updated_at", "2015-06-19 17:32:19.270091"]]
  [1m[35m (0.8ms)[0m  commit transaction


Started GET "/" for ::1 at 2015-06-19 13:34:23 -0400
  [1m[36mActiveRecord::SchemaMigration Load (0.1ms)[0m  [1mSELECT "schema_migrations".* FROM "schema_migrations"[0m
Processing by DashboardController#index as HTML
Redirected to http://localhost:3000/sessions/login
Completed 302 Found in 8ms (ActiveRecord: 0.0ms)


Started GET "/sessions/login" for ::1 at 2015-06-19 13:34:23 -0400
Processing by SessionsController#login as HTML
  Rendered sessions/login.html.erb within layouts/application (1.9ms)
Completed 200 OK in 1479ms (Views: 1477.6ms | ActiveRecord: 0.0ms)


Started GET "/" for ::1 at 2015-06-19 13:34:24 -0400
Processing by DashboardController#index as HTML
Redirected to http://localhost:3000/sessions/login
Completed 302 Found in 1ms (ActiveRecord: 0.0ms)


Started GET "/sessions/login" for ::1 at 2015-06-19 13:34:24 -0400
Processing by SessionsController#login as HTML
  Rendered sessions/login.html.erb within layouts/application (0.5ms)
Completed 200 OK in 50ms (Views: 48.7ms | ActiveRecord: 0.0ms)


Started GET "/assets/assignments.self-e3b0c44298fc1c149afbf4c8996fb92427ae41e4649b934ca495991b7852b855.css?body=1" for ::1 at 2015-06-19 13:34:24 -0400


Started GET "/assets/dashboard.self-e3b0c44298fc1c149afbf4c8996fb92427ae41e4649b934ca495991b7852b855.css?body=1" for ::1 at 2015-06-19 13:34:24 -0400


Started GET "/assets/grades.self-e3b0c44298fc1c149afbf4c8996fb92427ae41e4649b934ca495991b7852b855.css?body=1" for ::1 at 2015-06-19 13:34:24 -0400


Started GET "/assets/parents.self-e3b0c44298fc1c149afbf4c8996fb92427ae41e4649b934ca495991b7852b855.css?body=1" for ::1 at 2015-06-19 13:34:24 -0400


Started GET "/assets/scaffolds.self-9f5a5ff4f435c0837d8da6db7a0ecccc4b793d40db66f91cf44bdaf462dbfeb8.css?body=1" for ::1 at 2015-06-19 13:34:24 -0400


Started GET "/assets/sessions.self-e3b0c44298fc1c149afbf4c8996fb92427ae41e4649b934ca495991b7852b855.css?body=1" for ::1 at 2015-06-19 13:34:24 -0400


Started GET "/assets/students.self-e3b0c44298fc1c149afbf4c8996fb92427ae41e4649b934ca495991b7852b855.css?body=1" for ::1 at 2015-06-19 13:34:24 -0400


Started GET "/assets/teachers.self-e3b0c44298fc1c149afbf4c8996fb92427ae41e4649b934ca495991b7852b855.css?body=1" for ::1 at 2015-06-19 13:34:24 -0400


Started GET "/assets/application.self-920c08e7ff7280a919a8faf7bc4acd79084ade3a22c717d57b807252a33cea16.css?body=1" for ::1 at 2015-06-19 13:34:24 -0400


Started GET "/assets/bootstrap.self-8c0a18ef497d6248739c038ca99120e435b9d0ac33120bf065cd090558f70e73.css?body=1" for ::1 at 2015-06-19 13:34:24 -0400


Started GET "/assets/jquery_ujs.self-8e98a7a072a6cee1372d19fff9ff3e6aa1e39a37d89d6f06861637d061113ee7.js?body=1" for ::1 at 2015-06-19 13:34:24 -0400


Started GET "/assets/turbolinks.self-c37727e9bd6b2735da5c311aa83fead54ed0be6cc8bd9a65309e9c5abe2cbfff.js?body=1" for ::1 at 2015-06-19 13:34:24 -0400


Started GET "/assets/jquery.self-d03a5518f45df77341bdbe6201ba3bfa547ebba8ed64f0ea56bfa5f96ea7c074.js?body=1" for ::1 at 2015-06-19 13:34:24 -0400


Started GET "/assets/assignments.self-877aef30ae1b040ab8a3aba4e3e309a11d7f2612f44dde450b5c157aa5f95c05.js?body=1" for ::1 at 2015-06-19 13:34:24 -0400


Started GET "/assets/dashboard.self-877aef30ae1b040ab8a3aba4e3e309a11d7f2612f44dde450b5c157aa5f95c05.js?body=1" for ::1 at 2015-06-19 13:34:25 -0400


Started GET "/assets/grades.self-877aef30ae1b040ab8a3aba4e3e309a11d7f2612f44dde450b5c157aa5f95c05.js?body=1" for ::1 at 2015-06-19 13:34:25 -0400


Started GET "/assets/parents.self-877aef30ae1b040ab8a3aba4e3e309a11d7f2612f44dde450b5c157aa5f95c05.js?body=1" for ::1 at 2015-06-19 13:34:25 -0400


Started GET "/assets/sessions.self-877aef30ae1b040ab8a3aba4e3e309a11d7f2612f44dde450b5c157aa5f95c05.js?body=1" for ::1 at 2015-06-19 13:34:25 -0400


Started GET "/assets/students.self-877aef30ae1b040ab8a3aba4e3e309a11d7f2612f44dde450b5c157aa5f95c05.js?body=1" for ::1 at 2015-06-19 13:34:25 -0400


Started GET "/assets/teachers.self-877aef30ae1b040ab8a3aba4e3e309a11d7f2612f44dde450b5c157aa5f95c05.js?body=1" for ::1 at 2015-06-19 13:34:25 -0400


Started GET "/assets/application.self-3b8dabdc891efe46b9a144b400ad69e37d7e5876bdc39dee783419a69d7ca819.js?body=1" for ::1 at 2015-06-19 13:34:25 -0400


Started POST "/sessions/login" for ::1 at 2015-06-19 13:34:49 -0400
Processing by SessionsController#login as HTML
  Parameters: {"utf8"=>"✓", "authenticity_token"=>"JIC7LJ31UdUPq4p1suq/9OqviYQuBvZqhcbaXmTlJO11NcHEYwD0lqkIOO3YrxJy8t5N+v0LSyxnRkZl8MWviw==", "email"=>"test@test.com", "password"=>"[FILTERED]", "commit"=>"Login"}
  [1m[35mTeacher Load (0.2ms)[0m  SELECT  "teachers".* FROM "teachers" WHERE "teachers"."email" = ? LIMIT 1  [["email", "test@test.com"]]
Redirected to http://localhost:3000/dashboard/teacher
Completed 302 Found in 85ms (ActiveRecord: 0.5ms)


Started GET "/dashboard/teacher" for ::1 at 2015-06-19 13:34:49 -0400
Processing by DashboardController#teacher as HTML
  [1m[36mTeacher Load (0.1ms)[0m  [1mSELECT  "teachers".* FROM "teachers" WHERE "teachers"."id" = ? LIMIT 1[0m  [["id", 1]]
  Rendered dashboard/teacher.html.erb within layouts/application (1.0ms)
Completed 200 OK in 52ms (Views: 49.7ms | ActiveRecord: 0.1ms)


Started GET "/dashboard/teacher" for ::1 at 2015-06-19 13:35:01 -0400
Processing by DashboardController#teacher as HTML
  [1m[35mTeacher Load (0.1ms)[0m  SELECT  "teachers".* FROM "teachers" WHERE "teachers"."id" = ? LIMIT 1  [["id", 1]]
  Rendered dashboard/teacher.html.erb within layouts/application (0.2ms)
Completed 200 OK in 64ms (Views: 62.4ms | ActiveRecord: 0.1ms)


Started GET "/assets/dashboard.self-e3b0c44298fc1c149afbf4c8996fb92427ae41e4649b934ca495991b7852b855.css?body=1" for ::1 at 2015-06-19 13:35:01 -0400


Started GET "/assets/teachers.self-e3b0c44298fc1c149afbf4c8996fb92427ae41e4649b934ca495991b7852b855.css?body=1" for ::1 at 2015-06-19 13:35:01 -0400


Started GET "/assets/sessions.self-e3b0c44298fc1c149afbf4c8996fb92427ae41e4649b934ca495991b7852b855.css?body=1" for ::1 at 2015-06-19 13:35:01 -0400


Started GET "/assets/grades.self-e3b0c44298fc1c149afbf4c8996fb92427ae41e4649b934ca495991b7852b855.css?body=1" for ::1 at 2015-06-19 13:35:01 -0400


Started GET "/assets/parents.self-e3b0c44298fc1c149afbf4c8996fb92427ae41e4649b934ca495991b7852b855.css?body=1" for ::1 at 2015-06-19 13:35:01 -0400


Started GET "/assets/students.self-e3b0c44298fc1c149afbf4c8996fb92427ae41e4649b934ca495991b7852b855.css?body=1" for ::1 at 2015-06-19 13:35:01 -0400


Started GET "/assets/bootstrap.self-8c0a18ef497d6248739c038ca99120e435b9d0ac33120bf065cd090558f70e73.css?body=1" for ::1 at 2015-06-19 13:35:01 -0400


Started GET "/assets/assignments.self-e3b0c44298fc1c149afbf4c8996fb92427ae41e4649b934ca495991b7852b855.css?body=1" for ::1 at 2015-06-19 13:35:01 -0400


Started GET "/assets/scaffolds.self-9f5a5ff4f435c0837d8da6db7a0ecccc4b793d40db66f91cf44bdaf462dbfeb8.css?body=1" for ::1 at 2015-06-19 13:35:01 -0400


Started GET "/assets/application.self-920c08e7ff7280a919a8faf7bc4acd79084ade3a22c717d57b807252a33cea16.css?body=1" for ::1 at 2015-06-19 13:35:01 -0400


Started GET "/assets/jquery.self-d03a5518f45df77341bdbe6201ba3bfa547ebba8ed64f0ea56bfa5f96ea7c074.js?body=1" for ::1 at 2015-06-19 13:35:01 -0400


Started GET "/assets/jquery_ujs.self-8e98a7a072a6cee1372d19fff9ff3e6aa1e39a37d89d6f06861637d061113ee7.js?body=1" for ::1 at 2015-06-19 13:35:01 -0400


Started GET "/assets/turbolinks.self-c37727e9bd6b2735da5c311aa83fead54ed0be6cc8bd9a65309e9c5abe2cbfff.js?body=1" for ::1 at 2015-06-19 13:35:01 -0400


Started GET "/assets/dashboard.self-877aef30ae1b040ab8a3aba4e3e309a11d7f2612f44dde450b5c157aa5f95c05.js?body=1" for ::1 at 2015-06-19 13:35:01 -0400


Started GET "/assets/grades.self-877aef30ae1b040ab8a3aba4e3e309a11d7f2612f44dde450b5c157aa5f95c05.js?body=1" for ::1 at 2015-06-19 13:35:01 -0400


Started GET "/assets/parents.self-877aef30ae1b040ab8a3aba4e3e309a11d7f2612f44dde450b5c157aa5f95c05.js?body=1" for ::1 at 2015-06-19 13:35:01 -0400


Started GET "/assets/sessions.self-877aef30ae1b040ab8a3aba4e3e309a11d7f2612f44dde450b5c157aa5f95c05.js?body=1" for ::1 at 2015-06-19 13:35:01 -0400


Started GET "/assets/students.self-877aef30ae1b040ab8a3aba4e3e309a11d7f2612f44dde450b5c157aa5f95c05.js?body=1" for ::1 at 2015-06-19 13:35:01 -0400


Started GET "/assets/teachers.self-877aef30ae1b040ab8a3aba4e3e309a11d7f2612f44dde450b5c157aa5f95c05.js?body=1" for ::1 at 2015-06-19 13:35:01 -0400


Started GET "/assets/assignments.self-877aef30ae1b040ab8a3aba4e3e309a11d7f2612f44dde450b5c157aa5f95c05.js?body=1" for ::1 at 2015-06-19 13:35:01 -0400


Started GET "/assets/application.self-3b8dabdc891efe46b9a144b400ad69e37d7e5876bdc39dee783419a69d7ca819.js?body=1" for ::1 at 2015-06-19 13:35:01 -0400
  [1m[36mActiveRecord::SchemaMigration Load (0.1ms)[0m  [1mSELECT "schema_migrations".* FROM "schema_migrations"[0m
  [1m[35mActiveRecord::SchemaMigration Load (0.1ms)[0m  SELECT "schema_migrations".* FROM "schema_migrations"
  [1m[36mActiveRecord::SchemaMigration Load (0.1ms)[0m  [1mSELECT "schema_migrations".* FROM "schema_migrations"[0m
  [1m[35m (0.1ms)[0m  begin transaction
  [1m[36mSQL (0.5ms)[0m  [1mINSERT INTO "teachers" ("name", "email", "password_digest", "created_at", "updated_at") VALUES (?, ?, ?, ?, ?)[0m  [["name", "Test"], ["email", "test@test.com"], ["password_digest", "$2a$10$CxhW4as8eK9Fq5mTyJ3nzOwotILkMnMRKi1Ekim3Y.Amqink8rDDO"], ["created_at", "2015-06-25 13:15:10.396223"], ["updated_at", "2015-06-25 13:15:10.396223"]]
  [1m[35m (0.8ms)[0m  commit transaction
  [1m[36m (0.1ms)[0m  [1mbegin transaction[0m
  [1m[35mSQL (0.3ms)[0m  INSERT INTO "students" ("name", "email", "password_digest", "teacher_id", "created_at", "updated_at") VALUES (?, ?, ?, ?, ?, ?)  [["name", "Student"], ["email", "student@student.com"], ["password_digest", "$2a$10$.hEP8xtAMpuyymfnYRKVEujJO81fxt5SFzvkUPq8wFCCKE3ZF.z4C"], ["teacher_id", "1"], ["created_at", "2015-06-25 13:15:10.471105"], ["updated_at", "2015-06-25 13:15:10.471105"]]
  [1m[36m (1.0ms)[0m  [1mcommit transaction[0m
  [1m[35m (0.1ms)[0m  begin transaction
  [1m[36mSQL (0.3ms)[0m  [1mINSERT INTO "parents" ("name", "email", "password_digest", "student_id", "created_at", "updated_at") VALUES (?, ?, ?, ?, ?, ?)[0m  [["name", "Parent"], ["email", "parent@parent.com"], ["password_digest", "$2a$10$5GlsAr0HOW5lIZxfkcwAoe5SXwpTUJwB8rg7FZzB5jk1PP2gzfu6y"], ["student_id", 1], ["created_at", "2015-06-25 13:15:10.544740"], ["updated_at", "2015-06-25 13:15:10.544740"]]
  [1m[35m (0.7ms)[0m  commit transaction
  [1m[36mActiveRecord::SchemaMigration Load (0.1ms)[0m  [1mSELECT "schema_migrations".* FROM "schema_migrations"[0m
  [1m[35mActiveRecord::SchemaMigration Load (0.1ms)[0m  SELECT "schema_migrations".* FROM "schema_migrations"


Started GET "/" for ::1 at 2015-06-25 09:16:04 -0400
  [1m[36mActiveRecord::SchemaMigration Load (0.1ms)[0m  [1mSELECT "schema_migrations".* FROM "schema_migrations"[0m
Processing by DashboardController#index as HTML
Redirected to http://localhost:3000/dashboard/teacher
Completed 302 Found in 8ms (ActiveRecord: 0.0ms)


Started GET "/dashboard/teacher" for ::1 at 2015-06-25 09:16:05 -0400
Processing by DashboardController#teacher as HTML
  [1m[35mTeacher Load (0.1ms)[0m  SELECT  "teachers".* FROM "teachers" WHERE "teachers"."id" = ? LIMIT 1  [["id", 1]]
  Rendered dashboard/teacher.html.erb within layouts/application (2.2ms)
Completed 200 OK in 599ms (Views: 584.5ms | ActiveRecord: 0.4ms)


Started GET "/" for ::1 at 2015-06-25 09:16:05 -0400
Processing by DashboardController#index as HTML
Redirected to http://localhost:3000/dashboard/teacher
Completed 302 Found in 1ms (ActiveRecord: 0.0ms)


Started GET "/dashboard/teacher" for ::1 at 2015-06-25 09:16:05 -0400
Processing by DashboardController#teacher as HTML
  [1m[36mTeacher Load (0.1ms)[0m  [1mSELECT  "teachers".* FROM "teachers" WHERE "teachers"."id" = ? LIMIT 1[0m  [["id", 1]]
  Rendered dashboard/teacher.html.erb within layouts/application (0.9ms)
Completed 200 OK in 40ms (Views: 39.0ms | ActiveRecord: 0.1ms)


Started GET "/assets/dashboard.self-e3b0c44298fc1c149afbf4c8996fb92427ae41e4649b934ca495991b7852b855.css?body=1" for ::1 at 2015-06-25 09:16:05 -0400


Started GET "/assets/grades.self-e3b0c44298fc1c149afbf4c8996fb92427ae41e4649b934ca495991b7852b855.css?body=1" for ::1 at 2015-06-25 09:16:05 -0400


Started GET "/assets/parents.self-e3b0c44298fc1c149afbf4c8996fb92427ae41e4649b934ca495991b7852b855.css?body=1" for ::1 at 2015-06-25 09:16:05 -0400


Started GET "/assets/scaffolds.self-34ee4ab47b06717cd3f4bf24b356b5b12169dcbbe534190f61fa05a4f3a2832e.css?body=1" for ::1 at 2015-06-25 09:16:05 -0400


Started GET "/assets/sessions.self-e3b0c44298fc1c149afbf4c8996fb92427ae41e4649b934ca495991b7852b855.css?body=1" for ::1 at 2015-06-25 09:16:05 -0400


Started GET "/assets/students.self-e3b0c44298fc1c149afbf4c8996fb92427ae41e4649b934ca495991b7852b855.css?body=1" for ::1 at 2015-06-25 09:16:05 -0400


Started GET "/assets/teachers.self-e3b0c44298fc1c149afbf4c8996fb92427ae41e4649b934ca495991b7852b855.css?body=1" for ::1 at 2015-06-25 09:16:05 -0400


Started GET "/assets/application.self-d9fff94cbd246dd33af8008876151267c9916d42c42155469c5f4bacfbdf5f89.css?body=1" for ::1 at 2015-06-25 09:16:05 -0400


Started GET "/assets/bootstrap.self-8c0a18ef497d6248739c038ca99120e435b9d0ac33120bf065cd090558f70e73.css?body=1" for ::1 at 2015-06-25 09:16:05 -0400


Started GET "/assets/dashboard.self-877aef30ae1b040ab8a3aba4e3e309a11d7f2612f44dde450b5c157aa5f95c05.js?body=1" for ::1 at 2015-06-25 09:16:05 -0400


Started GET "/assets/grades.self-877aef30ae1b040ab8a3aba4e3e309a11d7f2612f44dde450b5c157aa5f95c05.js?body=1" for ::1 at 2015-06-25 09:16:05 -0400


Started GET "/assets/parents.self-877aef30ae1b040ab8a3aba4e3e309a11d7f2612f44dde450b5c157aa5f95c05.js?body=1" for ::1 at 2015-06-25 09:16:05 -0400


Started GET "/assets/sessions.self-877aef30ae1b040ab8a3aba4e3e309a11d7f2612f44dde450b5c157aa5f95c05.js?body=1" for ::1 at 2015-06-25 09:16:06 -0400


Started GET "/assets/students.self-877aef30ae1b040ab8a3aba4e3e309a11d7f2612f44dde450b5c157aa5f95c05.js?body=1" for ::1 at 2015-06-25 09:16:06 -0400


Started GET "/assets/teachers.self-877aef30ae1b040ab8a3aba4e3e309a11d7f2612f44dde450b5c157aa5f95c05.js?body=1" for ::1 at 2015-06-25 09:16:06 -0400


Started GET "/assets/application.self-377610cd7c1509e934744c810e3b4cf672dfbcacac3274e7d039827e2ae0fcc7.js?body=1" for ::1 at 2015-06-25 09:16:06 -0400


Started GET "/sessions/logout" for ::1 at 2015-06-25 09:16:10 -0400
Processing by SessionsController#logout as HTML
Redirected to http://localhost:3000/sessions/login
Completed 302 Found in 1ms (ActiveRecord: 0.0ms)


Started GET "/sessions/login" for ::1 at 2015-06-25 09:16:10 -0400
Processing by SessionsController#login as HTML
  Rendered sessions/login.html.erb within layouts/application (0.8ms)
Completed 200 OK in 45ms (Views: 45.0ms | ActiveRecord: 0.0ms)


Started POST "/sessions/login" for ::1 at 2015-06-25 09:16:27 -0400
Processing by SessionsController#login as HTML
  Parameters: {"utf8"=>"✓", "authenticity_token"=>"kRRqA0UuMGbJKmSp9Y/aLah6RPKUGtfZDT/wG5xBUdrAoRDru9uVJW+J1jGfynersAuAjEcXap/vv2wgCGHavA==", "email"=>"test@test.com", "password"=>"[FILTERED]", "commit"=>"Login"}
  [1m[35mTeacher Load (0.2ms)[0m  SELECT  "teachers".* FROM "teachers" WHERE "teachers"."email" = ? LIMIT 1  [["email", "test@test.com"]]
  Rendered sessions/login.html.erb within layouts/application (0.5ms)
Completed 200 OK in 123ms (Views: 52.8ms | ActiveRecord: 0.2ms)


Started POST "/sessions/login" for ::1 at 2015-06-25 09:16:37 -0400
Processing by SessionsController#login as HTML
  Parameters: {"utf8"=>"✓", "authenticity_token"=>"oZ4swDe2JtERU6BmWp4IkJJgCwkkRR5Ij7DcGL6KrYPwK1YoyUODkrfwEv4w26UWihHPd/dIow5tMEAjKqom5Q==", "email"=>"test@test.com", "password"=>"[FILTERED]", "commit"=>"Login"}
  [1m[36mTeacher Load (0.1ms)[0m  [1mSELECT  "teachers".* FROM "teachers" WHERE "teachers"."email" = ? LIMIT 1[0m  [["email", "test@test.com"]]
Redirected to http://localhost:3000/dashboard/teacher
Completed 302 Found in 68ms (ActiveRecord: 0.1ms)


Started GET "/dashboard/teacher" for ::1 at 2015-06-25 09:16:37 -0400
Processing by DashboardController#teacher as HTML
  [1m[35mTeacher Load (0.1ms)[0m  SELECT  "teachers".* FROM "teachers" WHERE "teachers"."id" = ? LIMIT 1  [["id", 1]]
  Rendered dashboard/teacher.html.erb within layouts/application (0.3ms)
Completed 200 OK in 43ms (Views: 41.9ms | ActiveRecord: 0.1ms)


Started GET "/students" for ::1 at 2015-06-25 09:16:41 -0400
Processing by StudentsController#index as HTML
  [1m[36mTeacher Load (0.1ms)[0m  [1mSELECT  "teachers".* FROM "teachers" WHERE "teachers"."id" = ? LIMIT 1[0m  [["id", 1]]
  [1m[35mStudent Load (0.2ms)[0m  SELECT "students".* FROM "students"
  Rendered students/index.html.erb within layouts/application (5.6ms)
Completed 200 OK in 56ms (Views: 48.8ms | ActiveRecord: 0.5ms)
